0 info it worked if it ends with ok
1 verbose cli [ 'D:\\0CodingWorld\\nodejs\\node.exe',
1 verbose cli   'D:\\0CodingWorld\\nodejs\\node_modules\\npm\\bin\\npm-cli.js',
1 verbose cli   'run',
1 verbose cli   'test' ]
2 info using npm@3.10.3
3 info using node@v6.4.0
4 verbose run-script [ 'pretest', 'test', 'posttest' ]
5 info lifecycle vue_study@1.0.0~pretest: vue_study@1.0.0
6 silly lifecycle vue_study@1.0.0~pretest: no script for pretest, continuing
7 info lifecycle vue_study@1.0.0~test: vue_study@1.0.0
8 verbose lifecycle vue_study@1.0.0~test: unsafe-perm in lifecycle true
9 verbose lifecycle vue_study@1.0.0~test: PATH: D:\0CodingWorld\nvm\v6.4.0\node_modules\npm\bin\node-gyp-bin;C:\Users\Administrator\Desktop\vue_study\node_modules\.bin;D:\0CodingWorld\nodejs;D:\0CodingWorld\Python\Scripts\;D:\0CodingWorld\Python\;C:\WINDOWS\system32;C:\WINDOWS;C:\WINDOWS\System32\Wbem;C:\WINDOWS\System32\WindowsPowerShell\v1.0\;D:\0CodingWorld\Mysql\bin;C:\WINDOWS\System32\OpenSSH\;C:\Program Files (x86)\NVIDIA Corporation\PhysX\Common;D:\0CodingWorld\nvm;D:\0CodingWorld\nodejs;D:\0CodingWorld\nvm;D:\0CodingWorld\git\Git\cmd;D:\0CodingWorld\TortoiesGit\bin;C:\Users\Administrator\AppData\Local\Microsoft\WindowsApps;D:\0CodingWorld\Pycharm\PyCharm 2019.2.1\bin;E:\煮一锅小插件\Microsoft VS Code\bin
10 verbose lifecycle vue_study@1.0.0~test: CWD: C:\Users\Administrator\Desktop\vue_study
11 silly lifecycle vue_study@1.0.0~test: Args: [ '/d /s /c', 'echo "Error: no such test specified" && exit 1' ]
12 silly lifecycle vue_study@1.0.0~test: Returned: code: 1  signal: null
13 info lifecycle vue_study@1.0.0~test: Failed to exec test script
14 verbose stack Error: vue_study@1.0.0 test: `echo "Error: no such test specified" && exit 1`
14 verbose stack Exit status 1
14 verbose stack     at EventEmitter.<anonymous> (D:\0CodingWorld\nvm\v6.4.0\node_modules\npm\lib\utils\lifecycle.js:242:16)
14 verbose stack     at emitTwo (events.js:106:13)
14 verbose stack     at EventEmitter.emit (events.js:191:7)
14 verbose stack     at ChildProcess.<anonymous> (D:\0CodingWorld\nvm\v6.4.0\node_modules\npm\lib\utils\spawn.js:40:14)
14 verbose stack     at emitTwo (events.js:106:13)
14 verbose stack     at ChildProcess.emit (events.js:191:7)
14 verbose stack     at maybeClose (internal/child_process.js:852:16)
14 verbose stack     at Process.ChildProcess._handle.onexit (internal/child_process.js:215:5)
15 verbose pkgid vue_study@1.0.0
16 verbose cwd C:\Users\Administrator\Desktop\vue_study
17 error Windows_NT 10.0.17763
18 error argv "D:\\0CodingWorld\\nodejs\\node.exe" "D:\\0CodingWorld\\nodejs\\node_modules\\npm\\bin\\npm-cli.js" "run" "test"
19 error node v6.4.0
20 error npm  v3.10.3
21 error code ELIFECYCLE
22 error vue_study@1.0.0 test: `echo "Error: no such test specified" && exit 1`
22 error Exit status 1
23 error Failed at the vue_study@1.0.0 test script 'echo "Error: no such test specified" && exit 1'.
23 error Make sure you have the latest version of node.js and npm installed.
23 error If you do, this is most likely a problem with the vue_study package,
23 error not with npm itself.
23 error Tell the author that this fails on your system:
23 error     echo "Error: no such test specified" && exit 1
23 error You can get information on how to open an issue for this project with:
23 error     npm bugs vue_study
23 error Or if that isn't available, you can get their info via:
23 error     npm owner ls vue_study
23 error There is likely additional logging output above.
24 verbose exit [ 1, true ]
